<?xml version="1.0" encoding="UTF-8"?>
<!-- Generated by org.testng.reporters.JUnitReportReporter -->
<testsuite hostname="AGR" failures="0" tests="1" name="apiumlearning.agr.AppiumBasics" time="9.612" errors="0" timestamp="2024-06-06T18:02:17 IST" skipped="0">
  <testcase classname="apiumlearning.agr.AppiumBasics" name="SetWifiName" time="9.612"/>
  <system-out/>
</testsuite> <!-- apiumlearning.agr.AppiumBasics -->
