<?xml version="1.0" encoding="UTF-8"?>
<!-- Generated by org.testng.reporters.JUnitReportReporter -->
<testsuite hostname="AGR" failures="0" tests="1" name="apiumlearning.agr.Gestures" time="7.245" errors="0" timestamp="2024-06-09T15:02:18 IST" skipped="0">
  <testcase classname="apiumlearning.agr.Gestures" name="LongPressGesture" time="7.245"/>
  <system-out/>
</testsuite> <!-- apiumlearning.agr.Gestures -->
