<?xml version="1.0" encoding="UTF-8"?>
<!-- Generated by org.testng.reporters.JUnitReportReporter -->
<testsuite hostname="AGR" failures="0" tests="1" name="apiumlearning.agr.AppiumBasics" time="11.378" errors="0" timestamp="2024-06-07T16:13:52 IST" skipped="0">
  <testcase classname="apiumlearning.agr.AppiumBasics" name="SetWifiName" time="11.378"/>
  <system-out/>
</testsuite> <!-- apiumlearning.agr.AppiumBasics -->
